0 info it worked if it ends with ok
1 verbose cli [ 'C:\\nodejs\\node.exe',
1 verbose cli   'C:\\nodejs\\node_modules\\npm\\bin\\npm-cli.js',
1 verbose cli   'run',
1 verbose cli   'typings',
1 verbose cli   '--',
1 verbose cli   'list' ]
2 info using npm@2.15.0
3 info using node@v4.4.2
4 verbose stack Error: missing script: typings
4 verbose stack     at run (C:\nodejs\node_modules\npm\lib\run-script.js:142:19)
4 verbose stack     at C:\nodejs\node_modules\npm\lib\run-script.js:58:5
4 verbose stack     at C:\nodejs\node_modules\npm\node_modules\read-package-json\read-json.js:345:5
4 verbose stack     at checkBinReferences_ (C:\nodejs\node_modules\npm\node_modules\read-package-json\read-json.js:309:45)
4 verbose stack     at final (C:\nodejs\node_modules\npm\node_modules\read-package-json\read-json.js:343:3)
4 verbose stack     at then (C:\nodejs\node_modules\npm\node_modules\read-package-json\read-json.js:113:5)
4 verbose stack     at C:\nodejs\node_modules\npm\node_modules\read-package-json\read-json.js:300:12
4 verbose stack     at C:\nodejs\node_modules\npm\node_modules\graceful-fs\graceful-fs.js:78:16
4 verbose stack     at FSReqWrap.readFileAfterClose [as oncomplete] (fs.js:380:3)
5 verbose cwd C:\working\yo
6 error Windows_NT 6.1.7601
7 error argv "C:\\nodejs\\node.exe" "C:\\nodejs\\node_modules\\npm\\bin\\npm-cli.js" "run" "typings" "--" "list"
8 error node v4.4.2
9 error npm  v2.15.0
10 error missing script: typings
11 error If you need help, you may report this error at:
11 error     <https://github.com/npm/npm/issues>
12 verbose exit [ 1, true ]
